0 info it worked if it ends with ok
1 verbose cli [ 'node', '/usr/local/bin/npm', 'publish' ]
2 info using npm@3.5.2
3 info using node@v0.12.7
4 verbose node symlink /usr/local/bin/node
5 verbose publish [ '.' ]
6 silly cache add args [ '.', null ]
7 verbose cache add spec .
8 silly cache add parsed spec { raw: '.',
8 silly cache add   scope: null,
8 silly cache add   name: null,
8 silly cache add   rawSpec: '.',
8 silly cache add   spec: '/Users/pholley/Documents/projects/flowplayer-vast',
8 silly cache add   type: 'directory' }
9 verbose addLocalDirectory /Users/pholley/.npm/flowplayer-vast/1.1.1/package.tgz not in flight; packing
10 info lifecycle flowplayer-vast@1.1.1~prepublish: flowplayer-vast@1.1.1
11 silly lifecycle flowplayer-vast@1.1.1~prepublish: no script for prepublish, continuing
12 verbose tar pack [ '/Users/pholley/.npm/flowplayer-vast/1.1.1/package.tgz',
12 verbose tar pack   '/Users/pholley/Documents/projects/flowplayer-vast' ]
13 verbose tarball /Users/pholley/.npm/flowplayer-vast/1.1.1/package.tgz
14 verbose folder /Users/pholley/Documents/projects/flowplayer-vast
15 verbose addLocalTarball adding from inside cache /Users/pholley/.npm/flowplayer-vast/1.1.1/package.tgz
16 silly cache afterAdd flowplayer-vast@1.1.1
17 verbose afterAdd /Users/pholley/.npm/flowplayer-vast/1.1.1/package/package.json not in flight; writing
18 verbose afterAdd /Users/pholley/.npm/flowplayer-vast/1.1.1/package/package.json written
19 silly publish { name: 'flowplayer-vast',
19 silly publish   version: '1.1.1',
19 silly publish   dependencies: { 'vast-client': 'github:parisholley/vast-client-js#chromium' },
19 silly publish   devDependencies: { browserify: '12.0.1', uglifyify: '3.0.1' },
19 silly publish   scripts: { build: 'browserify -t uglifyify src/vast.js -o dist/vast.js && browserify -g uglifyify dist/vast.js -o dist/vast.min.js' },
19 silly publish   description: 'VAST 2.0 support within Flowplayer 6 HTML',
19 silly publish   main: 'src/vast.js',
19 silly publish   repository:
19 silly publish    { type: 'git',
19 silly publish      url: 'git+https://github.com/mantisadnetwork/flowplayer-vast.git' },
19 silly publish   keywords: [ 'video', 'vast', 'flowplayer' ],
19 silly publish   author: { name: 'Paris Holley' },
19 silly publish   license: 'MIT',
19 silly publish   bugs: { url: 'https://github.com/mantisadnetwork/flowplayer-vast/issues' },
19 silly publish   homepage: 'https://github.com/mantisadnetwork/flowplayer-vast#readme',
19 silly publish   readme: '# flowplayer-vast\nVAST 2.0 support within Flowplayer 6 HTML\n\n**Note**: This project is a work in progress and may not fulfill all of the VAST 2.0 spec yet.\n\n## Behavior\n\n1. Create a flowplayer instance like you normally would (make sure you use the playlist feature).\n2. Invoke the attach method to start the vast loading process.\n3. The player will will until the vast load has completed (or failed) and rewrite the playlist.\n * Only the first video returned in the VAST response is used.\n * If the creative is of type "application/javascript" the playlist is left as is and the event vpaid_js is invoked on the player object.\n4. The player will be locked until the ad has been viewed then removed from the playlist.\n\n## Simple Usage\n\nThis plugin requires that you use the flowplayer playlist functionality.\n\n```\nvar vast = require(\'flowplayer-vast\');\n\nvar container = document.getElementById(\'div\');\n\nvar player = flowplayer(container, {\n    playlist: [],\n    wmode: \'transparent\' // support onclick event for IE for ad clicks\n});\n\nvast.init(container, player, \'http://serer.com/vast.xml\');\n```\n\n## Advanced Usage\n\n```\nvar vast = require(\'flowplayer-vast\');\n\nvar container = document.getElementById(\'div\');\nvar playlist = [];\n\nvast.loadPreroll(container, \'http://serer.com/vast.xml\', function(preroll){\n    if (preroll && preroll.video) {\n        playlist.unshift(preroll.video);\n    }\n\n    var player = flowplayer(container, {\n        playlist: playlist,\n        wmode: \'transparent\' // support onclick event for IE for ad clicks\n    });\n\n    if (preroll) {\n        vast.attachEvents(container, player);\n\n        // if you have the flowplayer-vpaid plugin setup\n        if (preroll.swf) {\n            return player.trigger(\'vpaid_swf\', [preroll.swf]);\n        }\n\n        if (preroll.js) {\n            return player.trigger(\'vpaid_js\', [preroll.js]);\n        }\n    }\n});\n```\n\n## VPAID (JS)\n\nTo support vpaid responses for javascript, you can either use the [flowplayer-vpaid](https://github.com/mantisadnetwork/flowplayer-vpaid) project or implement your own like so:\n\n```\nplayer.on(\'vpaid_js\', function (e, config) {\n    // configure vpaid environment\n});\n```\n\n## Changelog\n\n* 1.1.1: Timeout for loading vast URL and chrome bug\n* 1.1.0: More granular API, edge case fixes across device\n* 1.0.4: Only mark complete if it has not been skipped\n* 1.0.3: Bug fix\n* 1.0.2: Fixed for vpaid js ads\n* 1.0.1: Moved to browserify\n* 1.0.0: Initial release\n',
19 silly publish   readmeFilename: 'README.md',
19 silly publish   gitHead: '7524bf77db4293ac251dd5dc5d9b1c3d2a46dffb',
19 silly publish   _id: 'flowplayer-vast@1.1.1',
19 silly publish   _shasum: '56384a66b3e46f70914eb4c119f9639330b27f51',
19 silly publish   _from: '.' }
20 verbose getPublishConfig undefined
21 silly mapToRegistry name flowplayer-vast
22 silly mapToRegistry using default registry
23 silly mapToRegistry registry https://registry.npmjs.org/
24 silly mapToRegistry uri https://registry.npmjs.org/flowplayer-vast
25 verbose publish registryBase https://registry.npmjs.org/
26 silly publish uploading /Users/pholley/.npm/flowplayer-vast/1.1.1/package.tgz
27 verbose request uri https://registry.npmjs.org/flowplayer-vast
28 verbose request sending authorization for write operation
29 info attempt registry request try #1 at 02:21:31
30 verbose request using bearer token for auth
31 verbose request id c1bd9703ee320af6
32 http request PUT https://registry.npmjs.org/flowplayer-vast
33 http 403 https://registry.npmjs.org/flowplayer-vast
34 verbose headers { 'content-type': 'application/json',
34 verbose headers   'cache-control': 'max-age=300',
34 verbose headers   'content-length': '95',
34 verbose headers   'accept-ranges': 'bytes',
34 verbose headers   date: 'Fri, 22 Jan 2016 10:21:31 GMT',
34 verbose headers   via: '1.1 varnish',
34 verbose headers   connection: 'keep-alive',
34 verbose headers   'x-served-by': 'cache-lax1424-LAX',
34 verbose headers   'x-cache': 'MISS',
34 verbose headers   'x-cache-hits': '0',
34 verbose headers   'x-timer': 'S1453458091.563839,VS0,VE245' }
35 verbose request invalidating /Users/pholley/.npm/registry.npmjs.org/flowplayer-vast on PUT
36 error publish Failed PUT 403
37 verbose stack Error: "You cannot publish over the previously published version 1.1.1." : flowplayer-vast
37 verbose stack     at makeError (/usr/local/lib/node_modules/npm/node_modules/npm-registry-client/lib/request.js:264:12)
37 verbose stack     at CachingRegistryClient.<anonymous> (/usr/local/lib/node_modules/npm/node_modules/npm-registry-client/lib/request.js:252:14)
37 verbose stack     at Request._callback (/usr/local/lib/node_modules/npm/node_modules/npm-registry-client/lib/request.js:172:14)
37 verbose stack     at Request.self.callback (/usr/local/lib/node_modules/npm/node_modules/request/request.js:198:22)
37 verbose stack     at Request.emit (events.js:110:17)
37 verbose stack     at Request.<anonymous> (/usr/local/lib/node_modules/npm/node_modules/request/request.js:1082:10)
37 verbose stack     at Request.emit (events.js:129:20)
37 verbose stack     at IncomingMessage.<anonymous> (/usr/local/lib/node_modules/npm/node_modules/request/request.js:1009:12)
37 verbose stack     at IncomingMessage.emit (events.js:129:20)
37 verbose stack     at _stream_readable.js:908:16
38 verbose statusCode 403
39 verbose pkgid flowplayer-vast
40 verbose cwd /Users/pholley/Documents/projects/flowplayer-vast
41 error Darwin 15.0.0
42 error argv "node" "/usr/local/bin/npm" "publish"
43 error node v0.12.7
44 error npm  v3.5.2
45 error code E403
46 error "You cannot publish over the previously published version 1.1.1." : flowplayer-vast
47 error If you need help, you may report this error at:
47 error     <https://github.com/npm/npm/issues>
48 verbose exit [ 1, true ]
